This is pdfTeX, Version 3.141592653-2.6-1.40.22 (TeX Live 2022/dev/Debian) (preloaded format=pdflatex 2024.3.19)  10 NOV 2024 20:19
entering extended mode
 restricted \write18 enabled.
 %&-line parsing enabled.
**rapport/rapport.tex
(./rapport/rapport.tex
LaTeX2e <2021-11-15> patch level 1
L3 programming layer <2022-01-21>
(/usr/share/texlive/texmf-dist/tex/latex/base/article.cls
Document Class: article 2021/10/04 v1.4n Standard LaTeX document class
(/usr/share/texlive/texmf-dist/tex/latex/base/size10.clo
File: size10.clo 2021/10/04 v1.4n Standard LaTeX file (size option)
)
\c@part=\count185
\c@section=\count186
\c@subsection=\count187
\c@subsubsection=\count188
\c@paragraph=\count189
\c@subparagraph=\count190
\c@figure=\count191
\c@table=\count192
\abovecaptionskip=\skip47
\belowcaptionskip=\skip48
\bibindent=\dimen138
)
(/usr/share/texlive/texmf-dist/tex/latex/base/inputenc.sty
Package: inputenc 2021/02/14 v1.3d Input encoding file
\inpenc@prehook=\toks16
\inpenc@posthook=\toks17
)
(/usr/share/texlive/texmf-dist/tex/latex/base/fontenc.sty
Package: fontenc 2021/04/29 v2.0v Standard LaTeX package
)
(/usr/share/texlive/texmf-dist/tex/generic/babel/babel.sty
Package: babel 2022/01/26 3.70 The Babel package
\babel@savecnt=\count193
\U@D=\dimen139
\l@unhyphenated=\language37

(/usr/share/texlive/texmf-dist/tex/generic/babel/txtbabel.def)
\bbl@readstream=\read2
\bbl@dirlevel=\count194

(/usr/share/texlive/texmf-dist/tex/generic/babel-french/francais.ldf
Language: francais 2021/07/20 v3.5m French support from the babel system


Package francais.ldf Warning: Option `francais' for Babel is *deprecated*,
(francais.ldf)                it might be removed sooner or later. Please
(francais.ldf)                use `french' instead; reported on input line 31.

(/usr/share/texlive/texmf-dist/tex/generic/babel-french/french.ldf
Language: french 2021/07/20 v3.5m French support from the babel system
Package babel Info: Hyphen rules for 'acadian' set to \l@french
(babel)             (\language31). Reported on input line 91.
Package babel Info: Hyphen rules for 'canadien' set to \l@french
(babel)             (\language31). Reported on input line 92.
\FB@nonchar=\count195
Package babel Info: Making : an active character on input line 430.
Package babel Info: Making ; an active character on input line 431.
Package babel Info: Making ! an active character on input line 432.
Package babel Info: Making ? an active character on input line 433.
\FBguill@level=\count196
\FBold@everypar=\toks18
\FB@Mht=\dimen140
\mc@charclass=\count197
\mc@charfam=\count198
\mc@charslot=\count199
\std@mcc=\count266
\dec@mcc=\count267
\listindentFB=\dimen141
\descindentFB=\dimen142
\labelindentFB=\dimen143
\labelwidthFB=\dimen144
\leftmarginFB=\dimen145
\parindentFFN=\dimen146
\FBfnindent=\dimen147
)))
(/usr/share/texlive/texmf-dist/tex/latex/carlisle/scalefnt.sty)
(/usr/share/texlive/texmf-dist/tex/latex/graphics/keyval.sty
Package: keyval 2014/10/28 v1.15 key=value parser (DPC)
\KV@toks@=\toks19
)
(/usr/share/texlive/texmf-dist/tex/latex/preprint/fullpage.sty
Package: fullpage 1999/02/23 1.1 (PWD)
\FP@margin=\skip49
)
(/usr/share/texlive/texmf-dist/tex/latex/tools/multicol.sty
Package: multicol 2021/10/28 v1.9b multicolumn formatting (FMi)
\c@tracingmulticols=\count268
\mult@box=\box50
\multicol@leftmargin=\dimen148
\c@unbalance=\count269
\c@collectmore=\count270
\doublecol@number=\count271
\multicoltolerance=\count272
\multicolpretolerance=\count273
\full@width=\dimen149
\page@free=\dimen150
\premulticols=\dimen151
\postmulticols=\dimen152
\multicolsep=\skip50
\multicolbaselineskip=\skip51
\partial@page=\box51
\last@line=\box52
\maxbalancingoverflow=\dimen153
\mult@rightbox=\box53
\mult@grightbox=\box54
\mult@firstbox=\box55
\mult@gfirstbox=\box56
\@tempa=\box57
\@tempa=\box58
\@tempa=\box59
\@tempa=\box60
\@tempa=\box61
\@tempa=\box62
\@tempa=\box63
\@tempa=\box64
\@tempa=\box65
\@tempa=\box66
\@tempa=\box67
\@tempa=\box68
\@tempa=\box69
\@tempa=\box70
\@tempa=\box71
\@tempa=\box72
\@tempa=\box73
\@tempa=\box74
\@tempa=\box75
\@tempa=\box76
\@tempa=\box77
\@tempa=\box78
\@tempa=\box79
\@tempa=\box80
\@tempa=\box81
\@tempa=\box82
\@tempa=\box83
\@tempa=\box84
\@tempa=\box85
\@tempa=\box86
\@tempa=\box87
\@tempa=\box88
\@tempa=\box89
\@tempa=\box90
\@tempa=\box91
\@tempa=\box92
\c@minrows=\count274
\c@columnbadness=\count275
\c@finalcolumnbadness=\count276
\last@try=\dimen154
\multicolovershoot=\dimen155
\multicolundershoot=\dimen156
\mult@nat@firstbox=\box93
\colbreak@box=\box94
\mc@col@check@num=\count277
)
(/usr/share/texlive/texmf-dist/tex/latex/hyperref/hyperref.sty
Package: hyperref 2021-06-07 v7.00m Hypertext links for LaTeX

(/usr/share/texlive/texmf-dist/tex/generic/ltxcmds/ltxcmds.sty
Package: ltxcmds 2020-05-10 v1.25 LaTeX kernel commands for general use (HO)
)
(/usr/share/texlive/texmf-dist/tex/generic/iftex/iftex.sty
Package: iftex 2020/03/06 v1.0d TeX engine tests
)
(/usr/share/texlive/texmf-dist/tex/generic/pdftexcmds/pdftexcmds.sty
Package: pdftexcmds 2020-06-27 v0.33 Utility functions of pdfTeX for LuaTeX (HO
)

(/usr/share/texlive/texmf-dist/tex/generic/infwarerr/infwarerr.sty
Package: infwarerr 2019/12/03 v1.5 Providing info/warning/error messages (HO)
)
Package pdftexcmds Info: \pdf@primitive is available.
Package pdftexcmds Info: \pdf@ifprimitive is available.
Package pdftexcmds Info: \pdfdraftmode found.
)
(/usr/share/texlive/texmf-dist/tex/generic/kvsetkeys/kvsetkeys.sty
Package: kvsetkeys 2019/12/15 v1.18 Key value parser (HO)
)
(/usr/share/texlive/texmf-dist/tex/generic/kvdefinekeys/kvdefinekeys.sty
Package: kvdefinekeys 2019-12-19 v1.6 Define keys (HO)
)
(/usr/share/texlive/texmf-dist/tex/generic/pdfescape/pdfescape.sty
Package: pdfescape 2019/12/09 v1.15 Implements pdfTeX's escape features (HO)
)
(/usr/share/texlive/texmf-dist/tex/latex/hycolor/hycolor.sty
Package: hycolor 2020-01-27 v1.10 Color options for hyperref/bookmark (HO)
)
(/usr/share/texlive/texmf-dist/tex/latex/letltxmacro/letltxmacro.sty
Package: letltxmacro 2019/12/03 v1.6 Let assignment for LaTeX macros (HO)
)
(/usr/share/texlive/texmf-dist/tex/latex/auxhook/auxhook.sty
Package: auxhook 2019-12-17 v1.6 Hooks for auxiliary files (HO)
)
(/usr/share/texlive/texmf-dist/tex/latex/kvoptions/kvoptions.sty
Package: kvoptions 2020-10-07 v3.14 Key value format for package options (HO)
)
\@linkdim=\dimen157
\Hy@linkcounter=\count278
\Hy@pagecounter=\count279

(/usr/share/texlive/texmf-dist/tex/latex/hyperref/pd1enc.def
File: pd1enc.def 2021-06-07 v7.00m Hyperref: PDFDocEncoding definition (HO)
Now handling font encoding PD1 ...
... no UTF-8 mapping file for font encoding PD1
)
(/usr/share/texlive/texmf-dist/tex/latex/hyperref/hyperref-langpatches.def
File: hyperref-langpatches.def 2021-06-07 v7.00m Hyperref: patches for babel la
nguages
)
(/usr/share/texlive/texmf-dist/tex/generic/intcalc/intcalc.sty
Package: intcalc 2019/12/15 v1.3 Expandable calculations with integers (HO)
)
(/usr/share/texlive/texmf-dist/tex/generic/etexcmds/etexcmds.sty
Package: etexcmds 2019/12/15 v1.7 Avoid name clashes with e-TeX commands (HO)
)
\Hy@SavedSpaceFactor=\count280

(/usr/share/texlive/texmf-dist/tex/latex/hyperref/puenc.def
File: puenc.def 2021-06-07 v7.00m Hyperref: PDF Unicode definition (HO)
Now handling font encoding PU ...
... no UTF-8 mapping file for font encoding PU
)
Package hyperref Info: Hyper figures OFF on input line 4192.
Package hyperref Info: Link nesting OFF on input line 4197.
Package hyperref Info: Hyper index ON on input line 4200.
Package hyperref Info: Plain pages OFF on input line 4207.
Package hyperref Info: Backreferencing OFF on input line 4212.
Package hyperref Info: Implicit mode ON; LaTeX internals redefined.
Package hyperref Info: Bookmarks ON on input line 4445.
\c@Hy@tempcnt=\count281

(/usr/share/texlive/texmf-dist/tex/latex/url/url.sty
\Urlmuskip=\muskip16
Package: url 2013/09/16  ver 3.4  Verb mode for urls, etc.
)
LaTeX Info: Redefining \url on input line 4804.
\XeTeXLinkMargin=\dimen158

(/usr/share/texlive/texmf-dist/tex/generic/bitset/bitset.sty
Package: bitset 2019/12/09 v1.3 Handle bit-vector datatype (HO)

(/usr/share/texlive/texmf-dist/tex/generic/bigintcalc/bigintcalc.sty
Package: bigintcalc 2019/12/15 v1.5 Expandable calculations on big integers (HO
)
))
\Fld@menulength=\count282
\Field@Width=\dimen159
\Fld@charsize=\dimen160
Package hyperref Info: Hyper figures OFF on input line 6076.
Package hyperref Info: Link nesting OFF on input line 6081.
Package hyperref Info: Hyper index ON on input line 6084.
Package hyperref Info: backreferencing OFF on input line 6091.
Package hyperref Info: Link coloring OFF on input line 6096.
Package hyperref Info: Link coloring with OCG OFF on input line 6101.
Package hyperref Info: PDF/A mode OFF on input line 6106.
LaTeX Info: Redefining \ref on input line 6146.
LaTeX Info: Redefining \pageref on input line 6150.

(/usr/share/texlive/texmf-dist/tex/latex/base/atbegshi-ltx.sty
Package: atbegshi-ltx 2021/01/10 v1.0c Emulation of the original atbegshi
package with kernel methods
)
\Hy@abspage=\count283
\c@Item=\count284
\c@Hfootnote=\count285
)
Package hyperref Info: Driver (autodetected): hpdftex.

(/usr/share/texlive/texmf-dist/tex/latex/hyperref/hpdftex.def
File: hpdftex.def 2021-06-07 v7.00m Hyperref driver for pdfTeX

(/usr/share/texlive/texmf-dist/tex/latex/base/atveryend-ltx.sty
Package: atveryend-ltx 2020/08/19 v1.0a Emulation of the original atveryend pac
kage
with kernel methods
)
\Fld@listcount=\count286
\c@bookmark@seq@number=\count287

(/usr/share/texlive/texmf-dist/tex/latex/rerunfilecheck/rerunfilecheck.sty
Package: rerunfilecheck 2019/12/05 v1.9 Rerun checks for auxiliary files (HO)

(/usr/share/texlive/texmf-dist/tex/generic/uniquecounter/uniquecounter.sty
Package: uniquecounter 2019/12/15 v1.4 Provide unlimited unique counter (HO)
)
Package uniquecounter Info: New unique counter `rerunfilecheck' on input line 2
86.
)
\Hy@SectionHShift=\skip52
)
Package hyperref Info: Option `colorlinks' set `true' on input line 20.

(/usr/share/texlive/texmf-dist/tex/latex/bookmark/bookmark.sty
Package: bookmark 2020-11-06 v1.29 PDF bookmarks (HO)

(/usr/share/texlive/texmf-dist/tex/latex/bookmark/bkm-pdftex.def
File: bkm-pdftex.def 2020-11-06 v1.29 bookmark driver for pdfTeX (HO)
\BKM@id=\count288
))
(/usr/share/texlive/texmf-dist/tex/latex/blindtext/blindtext.sty
Package: blindtext 2012/01/06 V2.0 blindtext-Package

(/usr/share/texlive/texmf-dist/tex/latex/tools/xspace.sty
Package: xspace 2014/10/28 v1.13 Space after command names (DPC,MH)
)
\c@blindtext=\count289
\c@Blindtext=\count290
\c@blind@countparstart=\count291
\blind@countxx=\count292
\blindtext@numBlindtext=\count293
\blind@countyy=\count294
\c@blindlist=\count295
\c@blindlistlevel=\count296
\c@blindlist@level=\count297
\blind@listitem=\count298
\c@blind@listcount=\count299
\c@blind@levelcount=\count300
\blind@mathformula=\count301
\blind@Mathformula=\count302
\c@blind@randomcount=\count303
\c@blind@randommax=\count304
\c@blind@pangramcount=\count305
\c@blind@pangrammax=\count306
)
(/usr/share/texlive/texmf-dist/tex/latex/algorithm2e/algorithm2e.sty
Package: algorithm2e 2017/07/18 v5.2 algorithms environments
\c@AlgoLine=\count307

(/usr/share/texlive/texmf-dist/tex/latex/base/ifthen.sty
Package: ifthen 2020/11/24 v1.1c Standard LaTeX ifthen package (DPC)
)
\algocf@hangindent=\skip53

(/usr/share/texlive/texmf-dist/tex/latex/ifoddpage/ifoddpage.sty
Package: ifoddpage 2016/04/23 v1.1 Conditionals for odd/even page detection
\c@checkoddpage=\count308
)
(/usr/share/texlive/texmf-dist/tex/latex/relsize/relsize.sty
Package: relsize 2013/03/29 ver 4.1
)
\skiptotal=\skip54
\skiplinenumber=\skip55
\skiprule=\skip56
\skiphlne=\skip57
\skiptext=\skip58
\skiplength=\skip59
\algomargin=\skip60
\skipalgocfslide=\skip61
\algowidth=\dimen161
\inoutsize=\dimen162
\inoutindent=\dimen163
\interspacetitleruled=\dimen164
\interspacealgoruled=\dimen165
\interspacetitleboxruled=\dimen166
\algocf@ruledwidth=\skip62
\algocf@inoutbox=\box95
\algocf@inputbox=\box96
\AlCapSkip=\skip63
\AlCapHSkip=\skip64
\algoskipindent=\skip65
\algocf@nlbox=\box97
\algocf@hangingbox=\box98
\algocf@untilbox=\box99
\algocf@skipuntil=\skip66
\algocf@capbox=\box100
\algocf@lcaptionbox=\skip67
\algoheightruledefault=\skip68
\algoheightrule=\skip69
\algotitleheightruledefault=\skip70
\algotitleheightrule=\skip71
\c@algocfline=\count309
\c@algocfproc=\count310
\c@algocf=\count311
\algocf@algoframe=\box101
\algocf@algobox=\box102
)
(/usr/share/texlive/texmf-dist/tex/latex/graphics/graphicx.sty
Package: graphicx 2021/09/16 v1.2d Enhanced LaTeX Graphics (DPC,SPQR)

(/usr/share/texlive/texmf-dist/tex/latex/graphics/graphics.sty
Package: graphics 2021/03/04 v1.4d Standard LaTeX Graphics (DPC,SPQR)

(/usr/share/texlive/texmf-dist/tex/latex/graphics/trig.sty
Package: trig 2021/08/11 v1.11 sin cos tan (DPC)
)
(/usr/share/texlive/texmf-dist/tex/latex/graphics-cfg/graphics.cfg
File: graphics.cfg 2016/06/04 v1.11 sample graphics configuration
)
Package graphics Info: Driver file: pdftex.def on input line 107.

(/usr/share/texlive/texmf-dist/tex/latex/graphics-def/pdftex.def
File: pdftex.def 2020/10/05 v1.2a Graphics/color driver for pdftex
))
\Gin@req@height=\dimen167
\Gin@req@width=\dimen168
)
(/usr/share/texlive/texmf-dist/tex/latex/l3backend/l3backend-pdftex.def
File: l3backend-pdftex.def 2022-01-12 L3 backend support: PDF output (pdfTeX)
\l__color_backend_stack_int=\count312
\l__pdf_internal_box=\box103
)
(rapport//rapport.aux)
\openout1 = `rapport.aux'.

LaTeX Font Info:    Checking defaults for OML/cmm/m/it on input line 41.
LaTeX Font Info:    ... okay on input line 41.
LaTeX Font Info:    Checking defaults for OMS/cmsy/m/n on input line 41.
LaTeX Font Info:    ... okay on input line 41.
LaTeX Font Info:    Checking defaults for OT1/cmr/m/n on input line 41.
LaTeX Font Info:    ... okay on input line 41.
LaTeX Font Info:    Checking defaults for T1/cmr/m/n on input line 41.
LaTeX Font Info:    ... okay on input line 41.
LaTeX Font Info:    Checking defaults for TS1/cmr/m/n on input line 41.
LaTeX Font Info:    ... okay on input line 41.
LaTeX Font Info:    Checking defaults for OMX/cmex/m/n on input line 41.
LaTeX Font Info:    ... okay on input line 41.
LaTeX Font Info:    Checking defaults for U/cmr/m/n on input line 41.
LaTeX Font Info:    ... okay on input line 41.
LaTeX Font Info:    Checking defaults for PD1/pdf/m/n on input line 41.
LaTeX Font Info:    ... okay on input line 41.
LaTeX Font Info:    Checking defaults for PU/pdf/m/n on input line 41.
LaTeX Font Info:    ... okay on input line 41.
LaTeX Info: Redefining \degres on input line 41.
LaTeX Info: Redefining \up on input line 41.

(/usr/share/texlive/texmf-dist/tex/latex/graphics/color.sty
Package: color 2021/12/07 v1.3c Standard LaTeX Color (DPC)

(/usr/share/texlive/texmf-dist/tex/latex/graphics-cfg/color.cfg
File: color.cfg 2016/01/02 v1.6 sample color configuration
)
Package color Info: Driver file: pdftex.def on input line 149.
)
Package hyperref Info: Link coloring ON on input line 41.

(/usr/share/texlive/texmf-dist/tex/latex/hyperref/nameref.sty
Package: nameref 2021-04-02 v2.47 Cross-referencing by name of section

(/usr/share/texlive/texmf-dist/tex/latex/refcount/refcount.sty
Package: refcount 2019/12/15 v3.6 Data extraction from label references (HO)
)
(/usr/share/texlive/texmf-dist/tex/generic/gettitlestring/gettitlestring.sty
Package: gettitlestring 2019/12/15 v1.6 Cleanup title references (HO)
)
\c@section@level=\count313
)
LaTeX Info: Redefining \ref on input line 41.
LaTeX Info: Redefining \pageref on input line 41.
LaTeX Info: Redefining \nameref on input line 41.

(/usr/share/texlive/texmf-dist/tex/context/base/mkii/supp-pdf.mkii
[Loading MPS to PDF converter (version 2006.09.02).]
\scratchcounter=\count314
\scratchdimen=\dimen169
\scratchbox=\box104
\nofMPsegments=\count315
\nofMParguments=\count316
\everyMPshowfont=\toks20
\MPscratchCnt=\count317
\MPscratchDim=\dimen170
\MPnumerator=\count318
\makeMPintoPDFobject=\count319
\everyMPtoPDFconversion=\toks21
) (/usr/share/texlive/texmf-dist/tex/latex/epstopdf-pkg/epstopdf-base.sty
Package: epstopdf-base 2020-01-24 v2.11 Base part for package epstopdf
Package epstopdf-base Info: Redefining graphics rule for `.eps' on input line 4
85.

(/usr/share/texlive/texmf-dist/tex/latex/latexconfig/epstopdf-sys.cfg
File: epstopdf-sys.cfg 2010/07/13 v1.3 Configuration of (r)epstopdf for TeX Liv
e
))
LaTeX Font Info:    External font `cmex10' loaded for size
(Font)              <12> on input line 43.
LaTeX Font Info:    External font `cmex10' loaded for size
(Font)              <8> on input line 43.
LaTeX Font Info:    External font `cmex10' loaded for size
(Font)              <6> on input line 43.
<rapport/img//logo.png, id=4, 602.25pt x 401.5pt>
File: rapport/img//logo.png Graphic file (type png)
<use rapport/img//logo.png>
Package pdftex.def Info: rapport/img//logo.png  used on input line 45.
(pdftex.def)             Requested size: 452.9679pt x 301.98807pt.

[1

{/var/lib/texmf/fonts/map/pdftex/updmap/pdftex.map} <./rapport/img//logo.png>] 
(rapport//rapport.toc
LaTeX Font Info:    External font `cmex10' loaded for size
(Font)              <7> on input line 11.
LaTeX Font Info:    External font `cmex10' loaded for size
(Font)              <5> on input line 11.
)
\tf@toc=\write3
\openout3 = `rapport.toc'.

 (rapport//rapport.loa)
\tf@loa=\write4
\openout4 = `rapport.loa'.

LaTeX Font Info:    Trying to load font information for T1+cmtt on input line 6
7.

(/usr/share/texlive/texmf-dist/tex/latex/base/t1cmtt.fd
File: t1cmtt.fd 2019/12/16 v2.5j Standard LaTeX font definitions
) [2]
<rapport/img//diagram.png, id=63, 1254.6875pt x 885.3075pt>
File: rapport/img//diagram.png Graphic file (type png)
<use rapport/img//diagram.png>
Package pdftex.def Info: rapport/img//diagram.png  used on input line 91.
(pdftex.def)             Requested size: 208.36827pt x 147.01503pt.
<rapport/img//appel/code.png, id=65, 771.88374pt x 966.61125pt>
File: rapport/img//appel/code.png Graphic file (type png)
<use rapport/img//appel/code.png>
Package pdftex.def Info: rapport/img//appel/code.png  used on input line 97.
(pdftex.def)             Requested size: 211.60323pt x 264.98926pt.

Underfull \hbox (badness 7047) in paragraph at lines 96--98
\T1/cmr/m/n/10 de ce tra-vail. Il nous per-met-tra en-suite
 []


Overfull \hbox (0.11928pt too wide) in paragraph at lines 96--98
[] 
 []

<rapport/img//appel/graphAppelShort.png, id=68, 1746.525pt x 191.71625pt>
File: rapport/img//appel/graphAppelShort.png Graphic file (type png)
<use rapport/img//appel/graphAppelShort.png>
Package pdftex.def Info: rapport/img//appel/graphAppelShort.png  used on input 
line 107.
(pdftex.def)             Requested size: 317.07614pt x 34.80582pt.

Overfull \hbox (105.5922pt too wide) in paragraph at lines 107--108
[] 
 []


Underfull \hbox (badness 10000) in paragraph at lines 109--135

 []


Underfull \hbox (badness 10000) in paragraph at lines 109--135

 []


Underfull \hbox (badness 10000) in paragraph at lines 109--135
\OML/cmm/m/it/10 nbRelationBinaire \OT1/cmr/m/n/10 = \OML/cmm/m/it/10 nbMethodT
otal \OMS/cmsy/m/n/10 ^^C
 []


Underfull \hbox (badness 10000) in paragraph at lines 109--135

 []


Underfull \hbox (badness 10000) in paragraph at lines 109--135

 []


Underfull \hbox (badness 10000) in paragraph at lines 109--135
\OML/cmm/m/it/10 nbRelation\OT1/cmr/m/n/10 (\OML/cmm/m/it/10 A; B\OT1/cmr/m/n/1
0 ) = \OML/cmm/m/it/10 nbRelation[] \OT1/cmr/m/n/10 +
 []


Underfull \hbox (badness 10000) in paragraph at lines 109--135

 []


Overfull \hbox (37.88045pt too wide) in paragraph at lines 109--135
\OML/cmm/m/it/10 Couplage\OT1/cmr/m/n/10 (\OML/cmm/m/it/10 A; B\OT1/cmr/m/n/10 
) = \OML/cmm/m/it/10 nbRelation\OT1/cmr/m/n/10 (\OML/cmm/m/it/10 A; B\OT1/cmr/m
/n/10 )\OML/cmm/m/it/10 =nbRelationBinaire$ 
 []

[3 <./rapport/img//diagram.png> <./rapport/img//appel/code.png> <./rapport/img/
/appel/graphAppelShort.png (PNG copy)>]
Underfull \hbox (badness 6047) in paragraph at lines 135--135
[]\T1/cmr/bx/n/12 Graphe de cou-plage inter-
 []

<rapport/img//coupl/codeA.png, id=83, 759.83875pt x 469.755pt>
File: rapport/img//coupl/codeA.png Graphic file (type png)
<use rapport/img//coupl/codeA.png>
Package pdftex.def Info: rapport/img//coupl/codeA.png  used on input line 143.
(pdftex.def)             Requested size: 208.36827pt x 128.81387pt.
<rapport/img//coupl/codeB.png, id=84, 759.83875pt x 335.2525pt>
File: rapport/img//coupl/codeB.png Graphic file (type png)
<use rapport/img//coupl/codeB.png>
Package pdftex.def Info: rapport/img//coupl/codeB.png  used on input line 144.
(pdftex.def)             Requested size: 208.36827pt x 91.93126pt.
<rapport/img//coupl/codeC.png, id=85, 1106.1325pt x 143.53625pt>
File: rapport/img//coupl/codeC.png Graphic file (type png)
<use rapport/img//coupl/codeC.png>
Package pdftex.def Info: rapport/img//coupl/codeC.png  used on input line 145.
(pdftex.def)             Requested size: 208.36827pt x 27.03781pt.

Underfull \hbox (badness 10000) in paragraph at lines 143--146
[]
 []


Underfull \hbox (badness 10000) in paragraph at lines 143--146
[]
 []

<rapport/img//coupl/graphPondereCouplageClass.png, id=86, 453.695pt x 276.03125
pt>
File: rapport/img//coupl/graphPondereCouplageClass.png Graphic file (type png)
<use rapport/img//coupl/graphPondereCouplageClass.png>
Package pdftex.def Info: rapport/img//coupl/graphPondereCouplageClass.png  used
 on input line 153.
(pdftex.def)             Requested size: 208.36827pt x 126.77373pt.
<rapport/img//cluster/codeA.png, id=89, 875.27pt x 502.87875pt>
File: rapport/img//cluster/codeA.png Graphic file (type png)
<use rapport/img//cluster/codeA.png>
Package pdftex.def Info: rapport/img//cluster/codeA.png  used on input line 162
.
(pdftex.def)             Requested size: 208.36827pt x 119.71118pt.
<rapport/img//cluster/codeB.png, id=90, 711.65875pt x 571.13374pt>
File: rapport/img//cluster/codeB.png Graphic file (type png)
<use rapport/img//cluster/codeB.png>
Package pdftex.def Info: rapport/img//cluster/codeB.png  used on input line 163
.
(pdftex.def)             Requested size: 208.36827pt x 167.21935pt.
<rapport/img//cluster/codeC.png, id=91, 1190.4475pt x 149.55875pt>
File: rapport/img//cluster/codeC.png Graphic file (type png)
<use rapport/img//cluster/codeC.png>
Package pdftex.def Info: rapport/img//cluster/codeC.png  used on input line 164
.
(pdftex.def)             Requested size: 208.36827pt x 26.17773pt.

Underfull \hbox (badness 10000) in paragraph at lines 160--165

 []


Underfull \hbox (badness 10000) in paragraph at lines 160--165
[]
 []


Underfull \hbox (badness 10000) in paragraph at lines 160--165
[]
 []

[4 <./rapport/img//coupl/codeA.png> <./rapport/img//coupl/codeB.png> <./rapport
/img//coupl/codeC.png> <./rapport/img//coupl/graphPondereCouplageClass.png (PNG
 copy)> <./rapport/img//cluster/codeA.png>]
<rapport/img//module/code.png, id=115, 730.73pt x 333.245pt>
File: rapport/img//module/code.png Graphic file (type png)
<use rapport/img//module/code.png>
Package pdftex.def Info: rapport/img//module/code.png  used on input line 171.
(pdftex.def)             Requested size: 208.36827pt x 95.02156pt.
<rapport/img//module/check.png, id=116, 711.65875pt x 112.42pt>
File: rapport/img//module/check.png Graphic file (type png)
<use rapport/img//module/check.png>
Package pdftex.def Info: rapport/img//module/check.png  used on input line 172.

(pdftex.def)             Requested size: 208.36827pt x 32.91487pt.
<rapport/img//module/checkNode.png, id=117, 266.9975pt x 79.29625pt>
File: rapport/img//module/checkNode.png Graphic file (type png)
<use rapport/img//module/checkNode.png>
Package pdftex.def Info: rapport/img//module/checkNode.png  used on input line 
173.
(pdftex.def)             Requested size: 208.36827pt x 61.8859pt.
<rapport/img//module/checkLeaf.png, id=118, 266.9975pt x 82.3075pt>
File: rapport/img//module/checkLeaf.png Graphic file (type png)
<use rapport/img//module/checkLeaf.png>
Package pdftex.def Info: rapport/img//module/checkLeaf.png  used on input line 
174.
(pdftex.def)             Requested size: 208.36827pt x 64.236pt.

Underfull \hbox (badness 10000) in paragraph at lines 171--177
[]
 []


Underfull \hbox (badness 10000) in paragraph at lines 171--177
[]
 []


Underfull \hbox (badness 10000) in paragraph at lines 171--177
[]
 []

<rapport/img//spoon/code.png, id=119, 729.72626pt x 163.61125pt>
File: rapport/img//spoon/code.png Graphic file (type png)
<use rapport/img//spoon/code.png>
Package pdftex.def Info: rapport/img//spoon/code.png  used on input line 184.
(pdftex.def)             Requested size: 208.36827pt x 46.71706pt.
<rapport/img//spoon/isExternalMethod.png, id=120, 595.22375pt x 96.36pt>
File: rapport/img//spoon/isExternalMethod.png Graphic file (type png)
<use rapport/img//spoon/isExternalMethod.png>
Package pdftex.def Info: rapport/img//spoon/isExternalMethod.png  used on input
 line 185.
(pdftex.def)             Requested size: 208.36827pt x 33.73238pt.
<rapport/img//spoon/getGraphAppel.png, id=121, 1005.7575pt x 693.59125pt>
File: rapport/img//spoon/getGraphAppel.png Graphic file (type png)
<use rapport/img//spoon/getGraphAppel.png>
Package pdftex.def Info: rapport/img//spoon/getGraphAppel.png  used on input li
ne 186.
(pdftex.def)             Requested size: 208.36827pt x 143.68996pt.
<rapport/img//spoon/graphAppel.png, id=122, 1037.8775pt x 191.71625pt>
File: rapport/img//spoon/graphAppel.png Graphic file (type png)
<use rapport/img//spoon/graphAppel.png>
Package pdftex.def Info: rapport/img//spoon/graphAppel.png  used on input line 
187.
(pdftex.def)             Requested size: 208.36827pt x 38.48883pt.
<rapport/img//spoon/graphPondereCouplageClass.png, id=123, 453.695pt x 276.0312
5pt>
File: rapport/img//spoon/graphPondereCouplageClass.png Graphic file (type png)
<use rapport/img//spoon/graphPondereCouplageClass.png>
Package pdftex.def Info: rapport/img//spoon/graphPondereCouplageClass.png  used
 on input line 188.
(pdftex.def)             Requested size: 208.36827pt x 126.77373pt.

Underfull \hbox (badness 10000) in paragraph at lines 184--189
[]
 []


Underfull \hbox (badness 10000) in paragraph at lines 184--189
[]
 []


Underfull \hbox (badness 10000) in paragraph at lines 184--189
[]
 []


Underfull \hbox (badness 10000) in paragraph at lines 184--189
[]
 []

[5 <./rapport/img//cluster/codeB.png> <./rapport/img//cluster/codeC.png> <./rap
port/img//module/code.png> <./rapport/img//module/check.png> <./rapport/img//mo
dule/checkNode.png> <./rapport/img//module/checkLeaf.png> <./rapport/img//spoon
/code.png> <./rapport/img//spoon/isExternalMethod.png> <./rapport/img//spoon/ge
tGraphAppel.png> <./rapport/img//spoon/graphAppel.png (PNG copy)> <./rapport/im
g//spoon/graphPondereCouplageClass.png (PNG copy)>] [6] [7]
(rapport//rapport.aux) ) 
Here is how much of TeX's memory you used:
 12113 strings out of 479551
 197583 string characters out of 5876172
 514601 words of memory out of 5000000
 29877 multiletter control sequences out of 15000+600000
 480946 words of font info for 50 fonts, out of 8000000 for 9000
 395 hyphenation exceptions out of 8191
 60i,20n,63p,736b,665s stack positions out of 5000i,500n,10000p,200000b,80000s
 </home/tony/.texlive2021/texmf-var/fonts/pk/ljfour/jkn
appen/ec/ecti1000.600pk> </home/tony/.texlive2021/texmf-var/fonts/pk/ljfour/jkn
appen/ec/ecbx1200.600pk> </home/tony/.texlive2021/texmf-var/fonts/pk/ljfour/jkn
appen/ec/tcrm1000.600pk> </home/tony/.texlive2021/texmf-var/fonts/pk/ljfour/jkn
appen/ec/ectt1000.600pk> </home/tony/.texlive2021/texmf-var/fonts/pk/ljfour/jkn
appen/ec/ecbx1000.600pk> </home/tony/.texlive2021/texmf-var/fonts/pk/ljfour/jkn
appen/ec/ecbx1440.600pk> </home/tony/.texlive2021/texmf-var/fonts/pk/ljfour/jkn
appen/ec/ecrm1000.600pk> </home/tony/.texlive2021/texmf-var/fonts/pk/ljfour/jkn
appen/ec/ecti0900.600pk> </home/tony/.texlive2021/texmf-var/fonts/pk/ljfour/jkn
appen/ec/ecbx0900.600pk> </home/tony/.texlive2021/texmf-var/fonts/pk/ljfour/jkn
appen/ec/ecrm1200.600pk> </home/tony/.texlive2021/texmf-var/fonts/pk/ljfour/jkn
appen/ec/ecrm1728.600pk></usr/share/texlive/texmf-dist/fonts/type1/public/amsfo
nts/cm/cmex10.pfb></usr/share/texlive/texmf-dist/fonts/type1/public/amsfonts/cm
/cmmi10.pfb></usr/share/texlive/texmf-dist/fonts/type1/public/amsfonts/cm/cmmi7
.pfb></usr/share/texlive/texmf-dist/fonts/type1/public/amsfonts/cm/cmr10.pfb></
usr/share/texlive/texmf-dist/fonts/type1/public/amsfonts/cm/cmr7.pfb></usr/shar
e/texlive/texmf-dist/fonts/type1/public/amsfonts/cm/cmsy10.pfb></usr/share/texl
ive/texmf-dist/fonts/type1/public/amsfonts/cm/cmsy7.pfb>
Output written on rapport//rapport.pdf (7 pages, 972172 bytes).
PDF statistics:
 617 PDF objects out of 1000 (max. 8388607)
 211 compressed objects within 3 object streams
 50 named destinations out of 1000 (max. 500000)
 197 words of extra memory for PDF output out of 10000 (max. 10000000)

